<?xml version="1.0" encoding="UTF-8"?>
<testng-results skipped="0" failed="0" total="1" passed="1">
  <reporter-output>
  </reporter-output>
  <suite name="Default suite" duration-ms="75590" started-at="2021-02-22T15:27:35Z" finished-at="2021-02-22T15:28:51Z">
    <groups>
    </groups>
    <test name="Default test" duration-ms="75590" started-at="2021-02-22T15:27:35Z" finished-at="2021-02-22T15:28:51Z">
      <class name="Testscripts.ValidLogin">
        <test-method status="PASS" signature="openAppln()[pri:0, instance:Testscripts.ValidLogin@c038203]" name="openAppln" is-config="true" duration-ms="47909" started-at="2021-02-22T20:57:35Z" finished-at="2021-02-22T20:58:23Z">
          <reporter-output>
          </reporter-output>
        </test-method> <!-- openAppln -->
        <test-method status="PASS" signature="login()[pri:0, instance:Testscripts.ValidLogin@c038203]" name="login" duration-ms="20484" started-at="2021-02-22T20:58:23Z" finished-at="2021-02-22T20:58:44Z">
          <reporter-output>
          </reporter-output>
        </test-method> <!-- login -->
        <test-method status="PASS" signature="closeAppln(org.testng.ITestResult)[pri:0, instance:Testscripts.ValidLogin@c038203]" name="closeAppln" is-config="true" duration-ms="7129" started-at="2021-02-22T20:58:44Z" finished-at="2021-02-22T20:58:51Z">
          <params>
            <param index="0">
              <value>
                <![CDATA[[TestResult name=login status=SUCCESS method=ValidLogin.login()[pri:0, instance:Testscripts.ValidLogin@c038203] output={null}]]]>
              </value>
            </param>
          </params>
          <reporter-output>
          </reporter-output>
        </test-method> <!-- closeAppln -->
      </class> <!-- Testscripts.ValidLogin -->
    </test> <!-- Default test -->
  </suite> <!-- Default suite -->
</testng-results>
